<?xml version="1.0" encoding="UTF-8"?>
<!-- Generated by org.testng.reporters.JUnitXMLReporter -->
<testsuite ignored="0" hostname="DESKTOP-GG0NCO1" failures="0" tests="2" name="FirefoxTest" time="81.151" errors="0" timestamp="2022-10-12T17:24:42 IST">
  <testcase classname="twittertest.testingtwitter" name="@AfterMethod outcred" time="3.613">
    <failure type="org.openqa.selenium.ElementClickInterceptedException" message="Element &amp;lt;span class=&amp;quot;css-901oao css-16my406 r-poiln3 r-bcqeeo r-qvutc0&amp;quot;&amp;gt; is not clickable at point (991,616) because another element &amp;lt;div class=&amp;quot;css-1dbjc4n r-1p0dtai r-1d2f490 r-1xcajam r-zchlnj r-ipm5af r-lrvibr&amp;quot;&amp;gt; obscures it
Build info: version: &amp;apos;3.141.59&amp;apos;, revision: &amp;apos;e82be7d358&amp;apos;, time: &amp;apos;2018-11-14T08:17:03&amp;apos;
System info: host: &amp;apos;DESKTOP-GG0NCO1&amp;apos;, ip: &amp;apos;192.168.250.77&amp;apos;, os.name: &amp;apos;Windows 10&amp;apos;, os.arch: &amp;apos;amd64&amp;apos;, os.version: &amp;apos;10.0&amp;apos;, java.version: &amp;apos;18.0.1.1&amp;apos;
Driver info: org.openqa.selenium.firefox.FirefoxDriver
Capabilities {acceptInsecureCerts: true, browserName: firefox, browserVersion: 105.0.3, javascriptEnabled: true, moz:accessibilityChecks: false, moz:buildID: 20221007134813, moz:geckodriverVersion: 0.31.0, moz:headless: false, moz:platformVersion: 10.0, moz:processID: 5328, moz:profile: C:\Users\HP\AppData\Local\T..., moz:shutdownTimeout: 60000, moz:useNonSpecCompliantPointerOrigin: false, moz:webdriverClick: true, moz:windowless: false, pageLoadStrategy: normal, platform: WINDOWS, platformName: WINDOWS, proxy: Proxy(), setWindowRect: true, strictFileInteractability: false, timeouts: {implicit: 0, pageLoad: 300000, script: 30000}, unhandledPromptBehavior: dismiss and notify}
Session ID: 9201ead2-ddce-4850-a571-8119887a294b">
      <![CDATA[org.openqa.selenium.ElementClickInterceptedException: Element <span class="css-901oao css-16my406 r-poiln3 r-bcqeeo r-qvutc0"> is not clickable at point (991,616) because another element <div class="css-1dbjc4n r-1p0dtai r-1d2f490 r-1xcajam r-zchlnj r-ipm5af r-lrvibr"> obscures it
Build info: version: '3.141.59', revision: 'e82be7d358', time: '2018-11-14T08:17:03'
System info: host: 'DESKTOP-GG0NCO1', ip: '192.168.250.77', os.name: 'Windows 10', os.arch: 'amd64', os.version: '10.0', java.version: '18.0.1.1'
Driver info: org.openqa.selenium.firefox.FirefoxDriver
Capabilities {acceptInsecureCerts: true, browserName: firefox, browserVersion: 105.0.3, javascriptEnabled: true, moz:accessibilityChecks: false, moz:buildID: 20221007134813, moz:geckodriverVersion: 0.31.0, moz:headless: false, moz:platformVersion: 10.0, moz:processID: 5328, moz:profile: C:\Users\HP\AppData\Local\T..., moz:shutdownTimeout: 60000, moz:useNonSpecCompliantPointerOrigin: false, moz:webdriverClick: true, moz:windowless: false, pageLoadStrategy: normal, platform: WINDOWS, platformName: WINDOWS, proxy: Proxy(), setWindowRect: true, strictFileInteractability: false, timeouts: {implicit: 0, pageLoad: 300000, script: 30000}, unhandledPromptBehavior: dismiss and notify}
Session ID: 9201ead2-ddce-4850-a571-8119887a294b
at org.openqa.selenium.remote.http.W3CHttpResponseCodec.createException(W3CHttpResponseCodec.java:187)
at org.openqa.selenium.remote.http.W3CHttpResponseCodec.decode(W3CHttpResponseCodec.java:122)
at org.openqa.selenium.remote.http.W3CHttpResponseCodec.decode(W3CHttpResponseCodec.java:49)
at org.openqa.selenium.remote.HttpCommandExecutor.execute(HttpCommandExecutor.java:158)
at org.openqa.selenium.remote.service.DriverCommandExecutor.execute(DriverCommandExecutor.java:83)
at org.openqa.selenium.remote.RemoteWebDriver.execute(RemoteWebDriver.java:552)
at org.openqa.selenium.remote.RemoteWebElement.execute(RemoteWebElement.java:285)
at org.openqa.selenium.remote.RemoteWebElement.click(RemoteWebElement.java:84)
at org.openqa.selenium.support.pagefactory.internal.LocatingElementHandler.invoke(LocatingElementHandler.java:51)
at jdk.proxy2/jdk.proxy2.$Proxy15.click(Unknown Source)
at twitter.logout3.lgcred(logout3.java:23)
at twittertest.testingtwitter.outcred(testingtwitter.java:91)
at java.base/java.util.ArrayList.forEach(ArrayList.java:1511)
... Removed 35 stack frames]]>
    </failure>
  </testcase> <!-- @AfterMethod outcred -->
  <testcase classname="twittertest.testingtwitter" name="@BeforeMethod credintials" time="-1.665575682516E9">
    <skipped/>
  </testcase> <!-- @BeforeMethod credintials -->
  <testcase classname="twittertest.testingtwitter" name="@AfterMethod outcred" time="-1.665575682528E9">
    <skipped/>
  </testcase> <!-- @AfterMethod outcred -->
  <testcase classname="twittertest.testingtwitter" name="@AfterClass closebrowser" time="-1.665575682531E9">
    <skipped/>
  </testcase> <!-- @AfterClass closebrowser -->
  <testcase classname="twittertest.testingtwitter" name="test" time="0.011"/>
  <testcase classname="twittertest.testingtwitter" name="test1" time="0.0">
    <skipped/>
  </testcase> <!-- test1 -->
</testsuite> <!-- FirefoxTest -->
